This XML file does not appear to have any style information associated with it. The document tree is shown below.
<testsuites>
<testsuite name="pytest" errors="11" failures="2" skipped="7" tests="136" time="304.887" timestamp="2024-09-17T03:27:07.262940" hostname="d7ceb163f6f1">
<testcase classname="tests.api.DM-XGS.test_XGL_657.Test_XGL_657" name="test_XGL_657@group3" time="0.000">
<skipped type="pytest.skip" message="The test is skipped due to parallelization TSTG-12242">/app/tests/api/DM-XGS/test_XGL_657.py:91: The test is skipped due to parallelization TSTG-12242</skipped>
</testcase>
<testcase classname="tests.api.DM-XDMB.test_XDMB_3209.Test_XDMB_3209" name="test_XDMB_3209" time="0.000">
<skipped type="pytest.skip" message="Skipped due to it takes 15 mins to pass on prod for now">/app/tests/api/DM-XDMB/test_XDMB_3209.py:313: Skipped due to it takes 15 mins to pass on prod for now</skipped>
</testcase>
<testcase classname="tests.api.DM-XGS.test_XGL_1285.Test_XGL_1285" name="test_XGL_1285" time="0.000">
<skipped type="pytest.skip" message="Test could be executed only on QA stack">/app/tests/api/DM-XGS/test_XGL_1285.py:69: Test could be executed only on QA stack</skipped>
</testcase>
<testcase classname="tests.api.DM-DataArchiver.test_XDM_34201.Test_XDM_34201" name="test_XDM_34201" time="0.000">
<skipped type="pytest.skip" message="Component isn't delivered to prod yet">/app/tests/api/DM-DataArchiver/test_XDM_34201.py:88: Component isn't delivered to prod yet</skipped>
</testcase>
<testcase classname="tests.api.DM-DataArchiver.test_XDM_34200.Test_XDM_34200" name="test_XDM_34200" time="0.000">
<skipped type="pytest.skip" message="Component isn't delivered to prod yet">/app/tests/api/DM-DataArchiver/test_XDM_34200.py:79: Component isn't delivered to prod yet</skipped>
</testcase>
<testcase classname="tests.api.PL.test_PPL_1883.Test_PPL_1883" name="test_PPL_1883" time="0.575"/>
<testcase classname="tests.api.DM-BOH.test_XDM_13510.Test_XDM_13510" name="test_XDM_13510@group1" time="0.948"/>
<testcase classname="tests.api.PL.test_PPL_2275.Test_PPL_2275" name="test_PPL_2275" time="0.839"/>
<testcase classname="tests.api.DM-POS-RPT.test_XDM_19063.Test_XDM_19063" name="test_XDM_19063@group1" time="0.000">
<skipped type="pytest.skip" message="The only allowed stacks for running ETL process are: ['qa', 'qa-us-east-1', 'uat', 'uat-green', 'uat-green-us-east-1']">/app/tests/api/DM-POS-RPT/test_XDM_19063.py:53: The only allowed stacks for running ETL process are: ['qa', 'qa-us-east-1', 'uat', 'uat-green', 'uat-green-us-east-1']</skipped>
</testcase>
<testcase classname="tests.api.XWS.datastream.test_PPL_2508.Test_PPL_2508" name="test_PPL_2508@group6" time="6.762"/>
<testcase classname="tests.api.DM-XGS.test_XGL_783.Test_XGL_783" name="test_XGL_783@group3" time="7.051"/>
<testcase classname="tests.api.PL.order_api.test_PPL_3959.Test_PPL_3959" name="test_PPL_3959@group9" time="6.445">
<error message="failed on setup with "xtea_http_client.api_exc.ApiException: API request failed. Response body: {'type': 'XNU.Common.Exceptions.WebServiceBaseException', 'title': 'Dependent http request failed', 'status': 500, 'detail': 'Collection DmBusinessRuleGroup is empty for the site 66e92f773d7f7cbb20997fe5. Please check seed data on Data Management', 'method': 'POST', 'instance': 'http://backoffice-api-us-east-1.xenial.com/staff/employee', 'Message': 'Collection DmBusinessRuleGroup is empty for the site 66e92f773d7f7cbb20997fe5. Please check seed data on Data Management', 'StatusCode': 500}"">fixtures/api/site.py:176: in altametrics_new_site_scope_session employee = boh_employee_scope_session(altametrics_new_site_scope_session['portal']) fixtures/api/boh_employee.py:47: in _create_session_employee_with_job return _create_employee(new_portal) fixtures/api/boh_employee.py:140: in _create_employee employee_response = core.create_employee(employee_body) services/boh/core.py:163: in create_employee raise ApiException(response.response_info) E xtea_http_client.api_exc.ApiException: API request failed. Response body: {'type': 'XNU.Common.Exceptions.WebServiceBaseException', 'title': 'Dependent http request failed', 'status': 500, 'detail': 'Collection DmBusinessRuleGroup is empty for the site 66e92f773d7f7cbb20997fe5. Please check seed data on Data Management', 'method': 'POST', 'instance': 'http://backoffice-api-us-east-1.xenial.com/staff/employee', 'Message': 'Collection DmBusinessRuleGroup is empty for the site 66e92f773d7f7cbb20997fe5. Please check seed data on Data Management', 'StatusCode': 500}</error>
</testcase>
<testcase classname="tests.api.XWS.macromatix.test_PPL_2624.Test_PPL_2624" name="test_PPL_2624[Orders.REFUND_ORDER]" time="6.465">
<error message="failed on setup with "xtea_http_client.api_exc.ApiException: API request failed. Response body: {'type': 'XNU.Common.Exceptions.WebServiceBaseException', 'title': 'Dependent http request failed', 'status': 500, 'detail': 'Collection DmBusinessRuleGroup is empty for the site 66e92f77b913e7ad1ce9501f. Please check seed data on Data Management', 'method': 'POST', 'instance': 'http://backoffice-api-us-east-1.xenial.com/staff/employee', 'Message': 'Collection DmBusinessRuleGroup is empty for the site 66e92f77b913e7ad1ce9501f. Please check seed data on Data Management', 'StatusCode': 500}"">fixtures/api/site.py:127: in new_site_with_employee_scope_session employee = boh_employee_scope_session(new_site_with_employee_scope_session['portal']) fixtures/api/boh_employee.py:47: in _create_session_employee_with_job return _create_employee(new_portal) fixtures/api/boh_employee.py:140: in _create_employee employee_response = core.create_employee(employee_body) services/boh/core.py:163: in create_employee raise ApiException(response.response_info) E xtea_http_client.api_exc.ApiException: API request failed. Response body: {'type': 'XNU.Common.Exceptions.WebServiceBaseException', 'title': 'Dependent http request failed', 'status': 500, 'detail': 'Collection DmBusinessRuleGroup is empty for the site 66e92f77b913e7ad1ce9501f. Please check seed data on Data Management', 'method': 'POST', 'instance': 'http://backoffice-api-us-east-1.xenial.com/staff/employee', 'Message': 'Collection DmBusinessRuleGroup is empty for the site 66e92f77b913e7ad1ce9501f. Please check seed data on Data Management', 'StatusCode': 500}</error>
</testcase>
<testcase classname="tests.api.XWS.altametrics.test_PPL_3463.Test_PPL_3463" name="test_PPL_3463@group9" time="0.001">
<error message="failed on setup with "xtea_http_client.api_exc.ApiException: API request failed. Response body: {'type': 'XNU.Common.Exceptions.WebServiceBaseException', 'title': 'Dependent http request failed', 'status': 500, 'detail': 'Collection DmBusinessRuleGroup is empty for the site 66e92f773d7f7cbb20997fe5. Please check seed data on Data Management', 'method': 'POST', 'instance': 'http://backoffice-api-us-east-1.xenial.com/staff/employee', 'Message': 'Collection DmBusinessRuleGroup is empty for the site 66e92f773d7f7cbb20997fe5. Please check seed data on Data Management', 'StatusCode': 500}"">fixtures/api/site.py:176: in altametrics_new_site_scope_session employee = boh_employee_scope_session(altametrics_new_site_scope_session['portal']) fixtures/api/boh_employee.py:47: in _create_session_employee_with_job return _create_employee(new_portal) fixtures/api/boh_employee.py:140: in _create_employee employee_response = core.create_employee(employee_body) services/boh/core.py:163: in create_employee raise ApiException(response.response_info) E xtea_http_client.api_exc.ApiException: API request failed. Response body: {'type': 'XNU.Common.Exceptions.WebServiceBaseException', 'title': 'Dependent http request failed', 'status': 500, 'detail': 'Collection DmBusinessRuleGroup is empty for the site 66e92f773d7f7cbb20997fe5. Please check seed data on Data Management', 'method': 'POST', 'instance': 'http://backoffice-api-us-east-1.xenial.com/staff/employee', 'Message': 'Collection DmBusinessRuleGroup is empty for the site 66e92f773d7f7cbb20997fe5. Please check seed data on Data Management', 'StatusCode': 500}</error>
</testcase>
<testcase classname="tests.api.XWS.altametrics.test_PPL_3470.Test_PPL_3470" name="test_PPL_3470@group9" time="0.000">
<error message="failed on setup with "xtea_http_client.api_exc.ApiException: API request failed. Response body: {'type': 'XNU.Common.Exceptions.WebServiceBaseException', 'title': 'Dependent http request failed', 'status': 500, 'detail': 'Collection DmBusinessRuleGroup is empty for the site 66e92f773d7f7cbb20997fe5. Please check seed data on Data Management', 'method': 'POST', 'instance': 'http://backoffice-api-us-east-1.xenial.com/staff/employee', 'Message': 'Collection DmBusinessRuleGroup is empty for the site 66e92f773d7f7cbb20997fe5. Please check seed data on Data Management', 'StatusCode': 500}"">fixtures/api/site.py:176: in altametrics_new_site_scope_session employee = boh_employee_scope_session(altametrics_new_site_scope_session['portal']) fixtures/api/boh_employee.py:47: in _create_session_employee_with_job return _create_employee(new_portal) fixtures/api/boh_employee.py:140: in _create_employee employee_response = core.create_employee(employee_body) services/boh/core.py:163: in create_employee raise ApiException(response.response_info) E xtea_http_client.api_exc.ApiException: API request failed. Response body: {'type': 'XNU.Common.Exceptions.WebServiceBaseException', 'title': 'Dependent http request failed', 'status': 500, 'detail': 'Collection DmBusinessRuleGroup is empty for the site 66e92f773d7f7cbb20997fe5. Please check seed data on Data Management', 'method': 'POST', 'instance': 'http://backoffice-api-us-east-1.xenial.com/staff/employee', 'Message': 'Collection DmBusinessRuleGroup is empty for the site 66e92f773d7f7cbb20997fe5. Please check seed data on Data Management', 'StatusCode': 500}</error>
</testcase>
<testcase classname="tests.api.PL.deposit_api.test_PPL_1563.Test_PPL_1563" name="test_PPL_1563" time="6.490">
<error message="failed on setup with "xtea_http_client.api_exc.ApiException: API request failed. Response body: {'type': 'XNU.Common.Exceptions.WebServiceBaseException', 'title': 'Dependent http request failed', 'status': 500, 'detail': 'Collection DmBusinessRuleGroup is empty for the site 66e92f77fc0d0478472870e2. Please check seed data on Data Management', 'method': 'POST', 'instance': 'http://backoffice-api-us-east-1.xenial.com/staff/employee', 'Message': 'Collection DmBusinessRuleGroup is empty for the site 66e92f77fc0d0478472870e2. Please check seed data on Data Management', 'StatusCode': 500}"">fixtures/api/site.py:127: in new_site_with_employee_scope_session employee = boh_employee_scope_session(new_site_with_employee_scope_session['portal']) fixtures/api/boh_employee.py:47: in _create_session_employee_with_job return _create_employee(new_portal) fixtures/api/boh_employee.py:140: in _create_employee employee_response = core.create_employee(employee_body) services/boh/core.py:163: in create_employee raise ApiException(response.response_info) E xtea_http_client.api_exc.ApiException: API request failed. Response body: {'type': 'XNU.Common.Exceptions.WebServiceBaseException', 'title': 'Dependent http request failed', 'status': 500, 'detail': 'Collection DmBusinessRuleGroup is empty for the site 66e92f77fc0d0478472870e2. Please check seed data on Data Management', 'method': 'POST', 'instance': 'http://backoffice-api-us-east-1.xenial.com/staff/employee', 'Message': 'Collection DmBusinessRuleGroup is empty for the site 66e92f77fc0d0478472870e2. Please check seed data on Data Management', 'StatusCode': 500}</error>
</testcase>
<testcase classname="tests.api.PL.test_PPL_336.Test_PPL_336" name="test_PPL_336" time="0.656"/>
<testcase classname="tests.api.XWS.altametrics.test_PPL_3477.Test_PPL_3477" name="test_PPL_3477[Events.PAY_IN]@group9" time="0.000">
<error message="failed on setup with "xtea_http_client.api_exc.ApiException: API request failed. Response body: {'type': 'XNU.Common.Exceptions.WebServiceBaseException', 'title': 'Dependent http request failed', 'status': 500, 'detail': 'Collection DmBusinessRuleGroup is empty for the site 66e92f773d7f7cbb20997fe5. Please check seed data on Data Management', 'method': 'POST', 'instance': 'http://backoffice-api-us-east-1.xenial.com/staff/employee', 'Message': 'Collection DmBusinessRuleGroup is empty for the site 66e92f773d7f7cbb20997fe5. Please check seed data on Data Management', 'StatusCode': 500}"">fixtures/api/site.py:176: in altametrics_new_site_scope_session employee = boh_employee_scope_session(altametrics_new_site_scope_session['portal']) fixtures/api/boh_employee.py:47: in _create_session_employee_with_job return _create_employee(new_portal) fixtures/api/boh_employee.py:140: in _create_employee employee_response = core.create_employee(employee_body) services/boh/core.py:163: in create_employee raise ApiException(response.response_info) E xtea_http_client.api_exc.ApiException: API request failed. Response body: {'type': 'XNU.Common.Exceptions.WebServiceBaseException', 'title': 'Dependent http request failed', 'status': 500, 'detail': 'Collection DmBusinessRuleGroup is empty for the site 66e92f773d7f7cbb20997fe5. Please check seed data on Data Management', 'method': 'POST', 'instance': 'http://backoffice-api-us-east-1.xenial.com/staff/employee', 'Message': 'Collection DmBusinessRuleGroup is empty for the site 66e92f773d7f7cbb20997fe5. Please check seed data on Data Management', 'StatusCode': 500}</error>
</testcase>
<testcase classname="tests.api.XWS.macromatix.test_PPL_2624.Test_PPL_2624" name="test_PPL_2624[Orders.SIMPLE_ORDER]" time="6.511">
<error message="failed on setup with "xtea_http_client.api_exc.ApiException: API request failed. Response body: {'type': 'XNU.Common.Exceptions.WebServiceBaseException', 'title': 'Dependent http request failed', 'status': 500, 'detail': 'Collection DmBusinessRuleGroup is empty for the site 66e92f77fa8b81e74354f08d. Please check seed data on Data Management', 'method': 'POST', 'instance': 'http://backoffice-api-us-east-1.xenial.com/staff/employee', 'Message': 'Collection DmBusinessRuleGroup is empty for the site 66e92f77fa8b81e74354f08d. Please check seed data on Data Management', 'StatusCode': 500}"">fixtures/api/site.py:127: in new_site_with_employee_scope_session employee = boh_employee_scope_session(new_site_with_employee_scope_session['portal']) fixtures/api/boh_employee.py:47: in _create_session_employee_with_job return _create_employee(new_portal) fixtures/api/boh_employee.py:140: in _create_employee employee_response = core.create_employee(employee_body) services/boh/core.py:163: in create_employee raise ApiException(response.response_info) E xtea_http_client.api_exc.ApiException: API request failed. Response body: {'type': 'XNU.Common.Exceptions.WebServiceBaseException', 'title': 'Dependent http request failed', 'status': 500, 'detail': 'Collection DmBusinessRuleGroup is empty for the site 66e92f77fa8b81e74354f08d. Please check seed data on Data Management', 'method': 'POST', 'instance': 'http://backoffice-api-us-east-1.xenial.com/staff/employee', 'Message': 'Collection DmBusinessRuleGroup is empty for the site 66e92f77fa8b81e74354f08d. Please check seed data on Data Management', 'StatusCode': 500}</error>
</testcase>
<testcase classname="tests.api.XWS.altametrics.test_PPL_3477.Test_PPL_3477" name="test_PPL_3477[Events.PAY_OUT]@group9" time="0.000">
<error message="failed on setup with "xtea_http_client.api_exc.ApiException: API request failed. Response body: {'type': 'XNU.Common.Exceptions.WebServiceBaseException', 'title': 'Dependent http request failed', 'status': 500, 'detail': 'Collection DmBusinessRuleGroup is empty for the site 66e92f773d7f7cbb20997fe5. Please check seed data on Data Management', 'method': 'POST', 'instance': 'http://backoffice-api-us-east-1.xenial.com/staff/employee', 'Message': 'Collection DmBusinessRuleGroup is empty for the site 66e92f773d7f7cbb20997fe5. Please check seed data on Data Management', 'StatusCode': 500}"">fixtures/api/site.py:176: in altametrics_new_site_scope_session employee = boh_employee_scope_session(altametrics_new_site_scope_session['portal']) fixtures/api/boh_employee.py:47: in _create_session_employee_with_job return _create_employee(new_portal) fixtures/api/boh_employee.py:140: in _create_employee employee_response = core.create_employee(employee_body) services/boh/core.py:163: in create_employee raise ApiException(response.response_info) E xtea_http_client.api_exc.ApiException: API request failed. Response body: {'type': 'XNU.Common.Exceptions.WebServiceBaseException', 'title': 'Dependent http request failed', 'status': 500, 'detail': 'Collection DmBusinessRuleGroup is empty for the site 66e92f773d7f7cbb20997fe5. Please check seed data on Data Management', 'method': 'POST', 'instance': 'http://backoffice-api-us-east-1.xenial.com/staff/employee', 'Message': 'Collection DmBusinessRuleGroup is empty for the site 66e92f773d7f7cbb20997fe5. Please check seed data on Data Management', 'StatusCode': 500}</error>
</testcase>
<testcase classname="tests.api.PL.order_api.test_PPL_1650.Test_PPL_1650" name="test_PPL_1650" time="5.868">
<error message="failed on setup with "xtea_http_client.api_exc.ApiException: API request failed. Response body: {'type': 'XNU.Common.Exceptions.WebServiceBaseException', 'title': 'Dependent http request failed', 'status': 500, 'detail': 'Collection DmBusinessRuleGroup is empty for the site 66e92f77d337de2f2f1dcd07. Please check seed data on Data Management', 'method': 'POST', 'instance': 'http://backoffice-api-us-east-1.xenial.com/staff/employee', 'Message': 'Collection DmBusinessRuleGroup is empty for the site 66e92f77d337de2f2f1dcd07. Please check seed data on Data Management', 'StatusCode': 500}"">fixtures/api/site.py:127: in new_site_with_employee_scope_session employee = boh_employee_scope_session(new_site_with_employee_scope_session['portal']) fixtures/api/boh_employee.py:47: in _create_session_employee_with_job return _create_employee(new_portal) fixtures/api/boh_employee.py:140: in _create_employee employee_response = core.create_employee(employee_body) services/boh/core.py:163: in create_employee raise ApiException(response.response_info) E xtea_http_client.api_exc.ApiException: API request failed. Response body: {'type': 'XNU.Common.Exceptions.WebServiceBaseException', 'title': 'Dependent http request failed', 'status': 500, 'detail': 'Collection DmBusinessRuleGroup is empty for the site 66e92f77d337de2f2f1dcd07. Please check seed data on Data Management', 'method': 'POST', 'instance': 'http://backoffice-api-us-east-1.xenial.com/staff/employee', 'Message': 'Collection DmBusinessRuleGroup is empty for the site 66e92f77d337de2f2f1dcd07. Please check seed data on Data Management', 'StatusCode': 500}</error>
</testcase>
<testcase classname="tests.api.XWS.datastream.test_PPL_2509.Test_PPL_2509" name="test_PPL_2509@group6" time="6.538"/>
<testcase classname="tests.api.DM_AUDIT_TRAIL.test_XDM_16182.Test_XDM_16182" name="test_XDM_16182@group4" time="14.760"/>
<testcase classname="tests.api.Shell.test_XDM_13513.Test_XDM_13513" name="test_XDM_13513[3.6.25-25]" time="6.422"/>
<testcase classname="tests.api.Shell.test_XDM_13513.Test_XDM_13513" name="test_XDM_13513[3.7.33-6]" time="6.592"/>
<testcase classname="tests.api.Shell.test_XDM_13513.Test_XDM_13513" name="test_XDM_13513[3.6.25-23]" time="6.329"/>
<testcase classname="tests.api.DM-XGS.test_XGL_784.Test_XGL_784" name="test_XGL_784@group3" time="18.482"/>
<testcase classname="tests.api.Shell.test_XDM_13513.Test_XDM_13513" name="test_XDM_13513[3.6.25-22]" time="2.682"/>
<testcase classname="tests.api.XWS.datastream.test_PPL_3324.Test_PPL_3324" name="test_PPL_3324@group6" time="5.184"/>
<testcase classname="tests.api.Shell.test_XDM_13513.Test_XDM_13513" name="test_XDM_13513[3.7.33]" time="2.485"/>
<testcase classname="tests.api.Shell.test_XDM_13513.Test_XDM_13513" name="test_XDM_13513[3.6.25-8]" time="2.430"/>
<testcase classname="tests.api.Shell.test_XDM_13509.Test_XDM_13509" name="test_XDM_13509@group13" time="15.128"/>
<testcase classname="tests.api.XWS.macromatix.test_PPL_2541.Test_PPL_2541" name="test_PPL_2541[Events.OPENED]@group12" time="26.564"/>
<testcase classname="tests.api.PL.test_PPL_1652.Test_PPL_1652" name="test_PPL_1652" time="36.000"/>
<testcase classname="tests.api.Shell.test_XDM_13513.Test_XDM_13513" name="test_XDM_13513[3.6.25-19]" time="2.529"/>
<testcase classname="tests.api.Shell.test_XDM_13513.Test_XDM_13513" name="test_XDM_13513[3.6.25-15]" time="2.385"/>
<testcase classname="tests.api.Shell.test_XDM_13513.Test_XDM_13513" name="test_XDM_13513[3.6.22]" time="2.457"/>
<testcase classname="tests.api.DM_PPL_POS.test_XDM_22337.Test_XDM_22337" name="test_XDM_22337@group7" time="27.569"/>
<testcase classname="tests.api.PL.pipeline_api.test_PPL_4213.Test_PPL_4213" name="test_PPL_4213" time="12.101"/>
<testcase classname="tests.api.PL.pipeline_api.test_PPL_4463.Test_PPL_4463" name="test_PPL_4463" time="11.789"/>
<testcase classname="tests.api.XWS.macromatix.test_PPL_2593.Test_PPL_2593" name="test_PPL_2593[clock_in]@group2" time="29.410"/>
<testcase classname="tests.api.XPRT-DM.test_XDM_13505.Test_XDM_13505" name="test_XDM_13505@group18" time="60.458">
<failure message="TimeoutError: It's not possible to get '4' products for site '66e92f787b649093eec3fccc' ID during '30' seconds">tests/api/XPRT-DM/test_XDM_13505.py:176: in test_XDM_13505 second_site_products = polling2.poll( /usr/local/lib/python3.11/site-packages/polling2.py:215: in poll raise TimeoutException(values, last_item) E polling2.TimeoutException: (<queue.Queue object at 0x71aea55a24d0>, {'items': [{'_id': '66e92f7ce839ae2f176f3453', 'is_active': True, 'name': 'xdm_13505_coke_Effort !256', 'product_id': 'case711695106739669', 'product_type': 'standard', 'item_type': 'product', 'effective_date': '2024-09-16T00:00:00.000Z', 'site_id': '66e92f787b649093eec3fccc', 'entity_id': '66e92f79cf2ff10027570157', 'company_id': '66e92f0ea6b1bec245d43864', 'prices': [{'_id': '66e92f7aa35dbc2360839730', 'type': 'standard', 'unit_price': 1, 'product_entity_id': '66e92f79cf2ff10027570157', 'entity_id': '66e92f7aa35dbc236083972d'}]}, {'_id': '66e92f8792a3bde324ff7183', 'is_active': True, 'name': 'xdm_13505_pepsi_To !172', 'product_id': 'change32927572323401', 'product_type': 'standard', 'item_type': 'product', 'effective_date': '2024-09-16T00:00:00.000Z', 'site_id': '66e92f787b649093eec3fccc', 'entity_id': '66e92f84cf2ff1002757015a', 'company_id': '66e92f0ea6b1bec245d43864', 'prices': [{'_id': '66e92f856d93ae9ecb472411', 'type': 'standard', 'unit_price': 1, 'product_entity_id': '66e92f84cf2ff1002757015a', 'entity_id': '66e92f856d93ae9ecb47240f'}]}], 'total': 2, 'page_count': 1, 'current_page': 1, 'page_size': 1000}) The above exception was the direct cause of the following exception: tests/api/XPRT-DM/test_XDM_13505.py:184: in test_XDM_13505 raise TimeoutError(f"It's not possible to get '{input_test_data.EXPECTED_SECOND_SITE_PRODUCTS_AMOUNT}' " E TimeoutError: It's not possible to get '4' products for site '66e92f787b649093eec3fccc' ID during '30' seconds</failure>
</testcase>
<testcase classname="tests.api.Shell.test_XDM_13513.Test_XDM_13513" name="test_XDM_13513[3.6.25-5]" time="2.577"/>
<testcase classname="tests.api.Shell.test_XDM_13513.Test_XDM_13513" name="test_XDM_13513[3.6.25-2]" time="2.539"/>
<testcase classname="tests.api.Shell.test_XDM_13513.Test_XDM_13513" name="test_XDM_13513[3.4.25-11]" time="2.301"/>
<testcase classname="tests.api.XWS.datastream.test_PPL_3325.Test_PPL_3325" name="test_PPL_3325[DispatcherSchema]@group6" time="5.111"/>
<testcase classname="tests.api.Shell.test_XDM_13513.Test_XDM_13513" name="test_XDM_13513[3.7.33-15]" time="6.742"/>
<testcase classname="tests.api.Shell.test_XDM_13513.Test_XDM_13513" name="test_XDM_13513[3.6.21]" time="2.681"/>
<testcase classname="tests.api.Shell.test_XDM_13513.Test_XDM_13513" name="test_XDM_13513[3.6.18]" time="2.857"/>
<testcase classname="tests.api.PL.test_PPL_3718.Test_PPL_3718" name="test_PPL_3718@group11" time="36.492"/>
<testcase classname="tests.api.Shell.test_XDM_13513.Test_XDM_13513" name="test_XDM_13513[3.7.31]" time="6.582"/>
<testcase classname="tests.api.Shell.test_XDM_13513.Test_XDM_13513" name="test_XDM_13513[3.6.25-21]" time="6.288"/>
<testcase classname="tests.api.Shell.test_XDM_13513.Test_XDM_13513" name="test_XDM_13513[3.6.20]" time="2.523"/>
<testcase classname="tests.api.XWS.datastream.test_PPL_3325.Test_PPL_3325" name="test_PPL_3325[DispatcherEncounterSchema]@group6" time="5.196"/>
<testcase classname="tests.api.Shell.test_XDM_22984.Test_XDM_22984" name="test_XDM_22984[3.7.33-6]" time="3.854"/>
<testcase classname="tests.api.Shell.test_XDM_22984.Test_XDM_22984" name="test_XDM_22984[3.7.31]" time="0.241"/>
<testcase classname="tests.api.Shell.test_XDM_22984.Test_XDM_22984" name="test_XDM_22984[3.6.25-8]" time="0.170"/>
<testcase classname="tests.api.Shell.test_XDM_22984.Test_XDM_22984" name="test_XDM_22984[3.6.25-5]" time="0.165"/>
<testcase classname="tests.api.Shell.test_XDM_22984.Test_XDM_22984" name="test_XDM_22984[3.6.20]" time="0.172"/>
<testcase classname="tests.api.Shell.test_XDM_22984.Test_XDM_22984" name="test_XDM_22984[3.6.18]" time="0.166"/>
<testcase classname="tests.api.Shell.test_XDM_22984.Test_XDM_22984" name="test_XDM_22984[3.4.25-11]" time="0.171"/>
<testcase classname="tests.api.DM_AUDIT_TRAIL.test_XDM_16377.Test_XDM_16377" name="test_XDM_16377@group4" time="14.704"/>
<testcase classname="tests.api.PL.test_PPL_2469.Test_PPL_2469" name="test_PPL_2469" time="27.589"/>
<testcase classname="tests.api.Shell.test_XDM_22984.Test_XDM_22984" name="test_XDM_22984[3.7.33-16]" time="4.026"/>
<testcase classname="tests.api.Shell.test_XDM_22984.Test_XDM_22984" name="test_XDM_22984[3.7.33-9]" time="3.929"/>
<testcase classname="tests.api.Shell.test_XDM_22984.Test_XDM_22984" name="test_XDM_22984[3.6.25-25]" time="0.160"/>
<testcase classname="tests.api.PL.test_PPL_326.Test_PPL_326" name="test_PPL_326" time="0.101"/>
<testcase classname="tests.api.Shell.test_XDM_22984.Test_XDM_22984" name="test_XDM_22984[3.6.25-23]" time="0.164"/>
<testcase classname="tests.api.Shell.test_XDM_22984.Test_XDM_22984" name="test_XDM_22984[3.6.25-21]" time="0.181"/>
<testcase classname="tests.api.Shell.test_XDM_22984.Test_XDM_22984" name="test_XDM_22984[3.6.25-15]" time="0.224"/>
<testcase classname="tests.api.Shell.test_XDM_22984.Test_XDM_22984" name="test_XDM_22984[3.7.33-15]" time="3.804"/>
<testcase classname="tests.api.Shell.test_XDM_22984.Test_XDM_22984" name="test_XDM_22984[3.6.25-22]" time="3.774"/>
<testcase classname="tests.api.Shell.test_XDM_22984.Test_XDM_22984" name="test_XDM_22984[3.7.33]" time="3.812"/>
<testcase classname="tests.api.Shell.test_XDM_22984.Test_XDM_22984" name="test_XDM_22984[3.6.25-2]" time="0.159"/>
<testcase classname="tests.api.Shell.test_XDM_22984.Test_XDM_22984" name="test_XDM_22984[3.6.21]" time="0.165"/>
<testcase classname="tests.api.Shell.test_XDM_22984.Test_XDM_22984" name="test_XDM_22984[3.6.22]" time="0.156"/>
<testcase classname="tests.api.XWS.altametrics.test_PPL_4421.Test_PPL_4421" name="test_PPL_4421[Compensations.SALARY]@group10" time="135.623"/>
<testcase classname="tests.api.DM-XGS.test_XGL_785.Test_XGL_785" name="test_XGL_785@group3" time="8.279"/>
<testcase classname="tests.api.Shell.test_XDM_23006.Test_XDM_23006" name="test_XDM_23006[3.7.33-16]" time="4.330"/>
<testcase classname="tests.api.XWS.macromatix.test_PPL_2593.Test_PPL_2593" name="test_PPL_2593[start_break]@group2" time="11.888"/>
<testcase classname="tests.api.Shell.test_XDM_23006.Test_XDM_23006" name="test_XDM_23006[3.7.33-15]" time="0.301"/>
<testcase classname="tests.api.Shell.test_XDM_23006.Test_XDM_23006" name="test_XDM_23006[3.4.25-11]" time="0.287"/>
<testcase classname="tests.api.XPRT.test_XOP_7589.Test_XOP_7589" name="test_XOP_7589@group15" time="0.138"/>
<testcase classname="tests.api.XPRT.test_XOP_7590.Test_XOP_7590" name="test_XOP_7590" time="0.129"/>
<testcase classname="tests.api.XPRT-BOH.test_XDM_13506.Test_XDM_13506" name="test_XDM_13506@group17" time="2.641"/>
<testcase classname="tests.api.Shell.test_XDM_23006.Test_XDM_23006" name="test_XDM_23006[3.7.33-9]" time="3.492"/>
<testcase classname="tests.api.Shell.test_XDM_23006.Test_XDM_23006" name="test_XDM_23006[3.7.33-6]" time="3.978"/>
<testcase classname="tests.api.Shell.test_XDM_23006.Test_XDM_23006" name="test_XDM_23006[3.6.25-23]" time="0.267"/>
<testcase classname="tests.api.Shell.test_XDM_23006.Test_XDM_23006" name="test_XDM_23006[3.6.25-25]" time="3.835"/>
<testcase classname="tests.api.Shell.test_XDM_23006.Test_XDM_23006" name="test_XDM_23006[3.6.25-21]" time="0.288"/>
<testcase classname="tests.api.Shell.test_XDM_23006.Test_XDM_23006" name="test_XDM_23006[3.7.31]" time="0.328"/>
<testcase classname="tests.api.Shell.test_XDM_23006.Test_XDM_23006" name="test_XDM_23006[3.6.25-22]" time="0.268"/>
<testcase classname="tests.api.Shell.test_XDM_23006.Test_XDM_23006" name="test_XDM_23006[3.6.25-19]" time="0.276"/>
<testcase classname="tests.api.Shell.test_XDM_23006.Test_XDM_23006" name="test_XDM_23006[3.6.25-15]" time="3.819"/>
<testcase classname="tests.api.Shell.test_XDM_23006.Test_XDM_23006" name="test_XDM_23006[3.6.25-5]" time="3.852"/>
<testcase classname="tests.api.Shell.test_XDM_23006.Test_XDM_23006" name="test_XDM_23006[3.6.25-8]" time="4.583"/>
<testcase classname="tests.api.Shell.test_XDM_23006.Test_XDM_23006" name="test_XDM_23006[3.6.22]" time="0.821"/>
<testcase classname="tests.api.Shell.test_XDM_23006.Test_XDM_23006" name="test_XDM_23006[3.6.20]" time="0.709"/>
<testcase classname="tests.api.Shell.test_XDM_23006.Test_XDM_23006" name="test_XDM_23006[3.6.21]" time="0.289"/>
<testcase classname="tests.api.PL.drawer_api.test_PPL_1553.Test_PPL_1553" name="test_PPL_1553" time="45.290"/>
<testcase classname="tests.api.DM-XGS.test_XGL_796.Test_XGL_796" name="test_XGL_796@group3" time="17.086"/>
<testcase classname="tests.api.Shell.test_XDM_13513.Test_XDM_13513" name="test_XDM_13513[3.7.33-16]" time="6.199"/>
<testcase classname="tests.api.DM_AUDIT_TRAIL.test_XDM_16379.Test_XDM_16379" name="test_XDM_16379@group4" time="13.352"/>
<testcase classname="tests.api.Shell.test_XDM_13513.Test_XDM_13513" name="test_XDM_13513[3.7.33-9]" time="7.315"/>
<testcase classname="tests.api.XWS.macromatix.test_PPL_2593.Test_PPL_2593" name="test_PPL_2593[end_break]@group2" time="12.060"/>
<testcase classname="tests.api.XWS.macromatix.test_PPL_2541.Test_PPL_2541" name="test_PPL_2541[Events.PAY_IN]@group12" time="26.386"/>
<testcase classname="tests.api.PL.test_PPL_4384.Test_PPL_4384" name="test_PPL_4384" time="30.499"/>
<testcase classname="tests.api.XWS.datastream.test_PPL_3326.Test_PPL_3326" name="test_PPL_3326@group6" time="21.435"/>
<testcase classname="tests.api.XPRT-BOH.test_XOP_5535.Test_XOP_5535" name="test_XOP_5535" time="14.703"/>
<testcase classname="tests.api.XWS.macromatix.test_PPL_2593.Test_PPL_2593" name="test_PPL_2593[clock_out]@group2" time="11.975"/>
<testcase classname="tests.api.Shell.test_XDM_22984.Test_XDM_22984" name="test_XDM_22984[3.6.25-19]" time="3.922"/>
<testcase classname="tests.api.Shell.test_XDM_23006.Test_XDM_23006" name="test_XDM_23006[3.6.25-2]" time="4.229"/>
<testcase classname="tests.api.XPRT-XGS.test_XGL_642.Test_XGL_642" name="test_XGL_642@group3" time="12.866"/>
<testcase classname="tests.api.XPRT-DM.test_XDM_13507.Test_XDM_13507" name="test_XDM_13507@group18" time="1.927"/>
<testcase classname="tests.api.XWS.deputy.test_XNU_12515.Test_XNU_12515" name="test_XNU_12515@group5" time="112.721">
<failure message="TimeoutError: It's not possible to get employees form BOH during '80' seconds with '2 expected employees amount'">tests/api/XWS/deputy/test_XNU_12515.py:103: in test_XNU_12515 polling2.poll(lambda: core.get_employee_list_with_params(site_ids=[site_id], /usr/local/lib/python3.11/site-packages/polling2.py:215: in poll raise TimeoutException(values, last_item) E polling2.TimeoutException: (<queue.Queue object at 0x7d4197a1a090>, []) The above exception was the direct cause of the following exception: tests/api/XWS/deputy/test_XNU_12515.py:108: in test_XNU_12515 raise TimeoutError(f"It's not possible to get employees form BOH during '{timeout_polling}' seconds " E TimeoutError: It's not possible to get employees form BOH during '80' seconds with '2 expected employees amount'</failure>
</testcase>
<testcase classname="tests.api.Shell.test_XDM_23006.Test_XDM_23006" name="test_XDM_23006[3.7.33]" time="3.818"/>
<testcase classname="tests.api.XPRT-XGS.test_XGL_833.Test_XGL_833" name="test_XGL_833@group3" time="0.001">
<skipped type="pytest.skip" message="The test skipped because it's unstable on all stacks. Will be fixed as part of TSTG-10451.">/app/tests/api/XPRT-XGS/test_XGL_833.py:88: The test skipped because it's unstable on all stacks. Will be fixed as part of TSTG-10451.</skipped>
</testcase>
<testcase classname="tests.api.PL.test_PPL_3717.Test_PPL_3717" name="test_PPL_3717" time="23.481"/>
<testcase classname="tests.api.XWS.deputy.test_XNU_12748.Test_XNU_12748" name="test_XNU_12748@group4" time="35.006"/>
<testcase classname="tests.api.XWS.macromatix.test_PPL_2541.Test_PPL_2541" name="test_PPL_2541[Events.PAY_OUT]@group12" time="22.286"/>
<testcase classname="tests.api.PL.order_api.test_PPL_5865.Test_PPL_5865" name="test_PPL_5865@group8" time="5.753">
<error message="failed on setup with "xtea_http_client.api_exc.ApiException: API request failed. Response body: {'type': 'XNU.Common.Exceptions.WebServiceBaseException', 'title': 'Dependent http request failed', 'status': 500, 'detail': 'Collection DmBusinessRuleGroup is empty for the site 66e92fb4ba6f06d10470e1de. Please check seed data on Data Management', 'method': 'POST', 'instance': 'http://backoffice-api-us-east-1.xenial.com/staff/employee', 'Message': 'Collection DmBusinessRuleGroup is empty for the site 66e92fb4ba6f06d10470e1de. Please check seed data on Data Management', 'StatusCode': 500}"">fixtures/api/site.py:127: in new_site_with_employee_scope_session employee = boh_employee_scope_session(new_site_with_employee_scope_session['portal']) fixtures/api/boh_employee.py:47: in _create_session_employee_with_job return _create_employee(new_portal) fixtures/api/boh_employee.py:140: in _create_employee employee_response = core.create_employee(employee_body) services/boh/core.py:163: in create_employee raise ApiException(response.response_info) E xtea_http_client.api_exc.ApiException: API request failed. Response body: {'type': 'XNU.Common.Exceptions.WebServiceBaseException', 'title': 'Dependent http request failed', 'status': 500, 'detail': 'Collection DmBusinessRuleGroup is empty for the site 66e92fb4ba6f06d10470e1de. Please check seed data on Data Management', 'method': 'POST', 'instance': 'http://backoffice-api-us-east-1.xenial.com/staff/employee', 'Message': 'Collection DmBusinessRuleGroup is empty for the site 66e92fb4ba6f06d10470e1de. Please check seed data on Data Management', 'StatusCode': 500}</error>
</testcase>
<testcase classname="tests.api.PL.pipeline_api.test_PPL_3890.Test_PPL_3890" name="test_PPL_3890@group2" time="3.797"/>
<testcase classname="tests.api.XPRT-DM.test_XDM_15694.Test_XDM_15694" name="test_XDM_15694@group2" time="0.277"/>
<testcase classname="tests.api.XPRT-DM.test_XDM_15695.Test_XDM_15695" name="test_XDM_15695@group2" time="0.064"/>
<testcase classname="tests.api.XPRT-DM.test_XDM_15696.Test_XDM_15696" name="test_XDM_15696@group2" time="0.039"/>
<testcase classname="tests.api.XPRT-DM-MO.test_XDM_13508.Test_XDM_13508" name="test_XDM_13508@group2" time="13.514"/>
<testcase classname="tests.api.Shell.test_XDM_23006.Test_XDM_23006" name="test_XDM_23006[3.6.18]" time="4.515"/>
<testcase classname="tests.api.XPRT-DM-MO.test_XDM_19455.Test_XDM_19455" name="test_XDM_19455@group2" time="5.801">
<error message="failed on setup with "xtea_http_client.api_exc.ApiException: API request failed. Response body: {'type': 'XNU.Common.Exceptions.WebServiceBaseException', 'title': 'Dependent http request failed', 'status': 500, 'detail': 'Collection DmBusinessRuleGroup is empty for the site 66e92fc9f5e8e4825ff3a9ac. Please check seed data on Data Management', 'method': 'POST', 'instance': 'http://backoffice-api-us-east-1.xenial.com/staff/employee', 'Message': 'Collection DmBusinessRuleGroup is empty for the site 66e92fc9f5e8e4825ff3a9ac. Please check seed data on Data Management', 'StatusCode': 500}"">fixtures/api/site.py:127: in new_site_with_employee_scope_session employee = boh_employee_scope_session(new_site_with_employee_scope_session['portal']) fixtures/api/boh_employee.py:47: in _create_session_employee_with_job return _create_employee(new_portal) fixtures/api/boh_employee.py:140: in _create_employee employee_response = core.create_employee(employee_body) services/boh/core.py:163: in create_employee raise ApiException(response.response_info) E xtea_http_client.api_exc.ApiException: API request failed. Response body: {'type': 'XNU.Common.Exceptions.WebServiceBaseException', 'title': 'Dependent http request failed', 'status': 500, 'detail': 'Collection DmBusinessRuleGroup is empty for the site 66e92fc9f5e8e4825ff3a9ac. Please check seed data on Data Management', 'method': 'POST', 'instance': 'http://backoffice-api-us-east-1.xenial.com/staff/employee', 'Message': 'Collection DmBusinessRuleGroup is empty for the site 66e92fc9f5e8e4825ff3a9ac. Please check seed data on Data Management', 'StatusCode': 500}</error>
</testcase>
<testcase classname="tests.api.XWS.macromatix.test_PPL_2541.Test_PPL_2541" name="test_PPL_2541[Events.CASH_PULL]@group12" time="25.182"/>
<testcase classname="tests.api.xssn.test_PPL_1745.Test_PPL_1745" name="test_PPL_1745@group2" time="5.441"/>
<testcase classname="tests.api.XWS.macromatix.test_PPL_3138.Test_PPL_3138" name="test_PPL_3138@group19" time="149.151"/>
<testcase classname="tests.api.XWS.macromatix.test_PPL_2541.Test_PPL_2541" name="test_PPL_2541[Events.CLOSED]@group12" time="25.180"/>
<testcase classname="tests.api.XWS.altametrics.test_PPL_4421.Test_PPL_4421" name="test_PPL_4421[Compensations.HOURLY]@group10" time="122.412"/>
<testcase classname="tests.api.XWS.macromatix.test_PPL_4212.Test_PPL_4212" name="test_PPL_4212@group19" time="44.531"/>
<testcase classname="tests.api.XWS.yellowdog.test_PPL_5860.Test_PPL_5860" name="test_PPL_5860@group19" time="34.825"/>
<testcase classname="tests.api.PL.pipeline_api.test_PPL_3512.Test_PPL_3512" name="test_PPL_3512" time="3.343"/>
</testsuite>
</testsuites>